Arguments: 
  /Users/kevin/.nvm/versions/node/v8.11.4/bin/node /usr/local/Cellar/yarn/1.9.4/libexec/bin/yarn.js add h-pages -D

PATH: 
  /opt/local/sbin:/opt/local/bin:/Users/kevin/.nvm/versions/node/v8.11.4/bin:/usr/local/bin:/usr/bin:/bin:/usr/sbin:/sbin

Yarn version: 
  1.9.4

Node version: 
  8.11.4

Platform: 
  darwin x64

Trace: 
  Error: https://registry.yarnpkg.com/h-pages: Not found
      at Request.params.callback [as _callback] (/usr/local/Cellar/yarn/1.9.4/libexec/lib/cli.js:64202:18)
      at Request.self.callback (/usr/local/Cellar/yarn/1.9.4/libexec/lib/cli.js:137468:22)
      at emitTwo (events.js:126:13)
      at Request.emit (events.js:214:7)
      at Request.<anonymous> (/usr/local/Cellar/yarn/1.9.4/libexec/lib/cli.js:138440:10)
      at emitOne (events.js:116:13)
      at Request.emit (events.js:211:7)
      at IncomingMessage.<anonymous> (/usr/local/Cellar/yarn/1.9.4/libexec/lib/cli.js:138362:12)
      at Object.onceWrapper (events.js:313:30)
      at emitNone (events.js:111:20)

npm manifest: 
  {
    "name": "ke",
    "version": "1.0.0",
    "main": "index.js",
    "repository": "https://github.com/coderwow/ke.git",
    "author": "kevin <zhouyangweb@outlook.com>",
    "license": "MIT"
  }

yarn manifest: 
  No manifest

Lockfile: 
  No lockfile
